<?xml version="1.0" encoding="UTF-8"?>
<!-- Generated by org.testng.reporters.JUnitReportReporter -->
<testsuite hostname="VSP-94QD6Q3" failures="0" tests="1" name="AppTestCases.VerifyPrimiumMemberShip" time="0.002" errors="0" timestamp="2022-12-14T12:32:41 IST" skipped="0">
  <testcase classname="AppTestCases.VerifyPrimiumMemberShip" name="verifyPremiumMemberShip" time="0.002"/>
  <system-out/>
</testsuite> <!-- AppTestCases.VerifyPrimiumMemberShip -->
