<?xml version="1.0" encoding="UTF-8"?>
<!-- Generated by org.testng.reporters.JUnitReportReporter -->
<testsuite hostname="VSP-HGQD6Q3" failures="0" tests="9" name="testRunner.demoLoginTest" time="36.120" errors="0" timestamp="2023-06-27T18:55:56 IST" skipped="0">
  <testcase classname="testRunner.demoLoginTest" name="runScenario" time="3.179"/>
  <system-out/>
  <testcase classname="testRunner.demoLoginTest" name="runScenario" time="7.005"/>
  <system-out/>
  <testcase classname="testRunner.demoLoginTest" name="runScenario" time="5.328"/>
  <system-out/>
  <testcase classname="testRunner.demoLoginTest" name="runScenario" time="0.643"/>
  <system-out/>
  <testcase classname="testRunner.demoLoginTest" name="runScenario" time="1.688"/>
  <system-out/>
  <testcase classname="testRunner.demoLoginTest" name="runScenario" time="9.519"/>
  <system-out/>
  <testcase classname="testRunner.demoLoginTest" name="runScenario" time="0.567"/>
  <system-out/>
  <testcase classname="testRunner.demoLoginTest" name="runScenario" time="3.892"/>
  <system-out/>
  <testcase classname="testRunner.demoLoginTest" name="runScenario" time="4.299"/>
  <system-out/>
</testsuite> <!-- testRunner.demoLoginTest -->
