<?xml version="1.0" encoding="UTF-8"?>
<!-- Generated by org.testng.reporters.JUnitReportReporter -->
<testsuite hostname="VSP-3ZQD6Q3" failures="0" tests="1" name="SeleniumExamples.Example2" time="5.237" errors="0" timestamp="2022-08-24T11:35:49 IST" skipped="0">
  <testcase classname="SeleniumExamples.Example2" name="verifyExample2" time="5.237"/>
  <system-out/>
</testsuite> <!-- SeleniumExamples.Example2 -->
