<?xml version="1.0" encoding="UTF-8"?>
<!-- Generated by org.testng.reporters.JUnitReportReporter -->
<testsuite hostname="VSP-3ZQD6Q3" failures="0" tests="1" name="SeleniumExamples.TestNGExamples" time="7.875" errors="0" timestamp="2022-08-26T11:21:16 IST" skipped="0">
  <testcase classname="SeleniumExamples.TestNGExamples" name="test1" time="7.875"/>
  <system-out/>
</testsuite> <!-- SeleniumExamples.TestNGExamples -->
