<?xml version="1.0" encoding="UTF-8"?>
<!-- Generated by org.testng.reporters.JUnitReportReporter -->
<testsuite hostname="VSP-3ZQD6Q3" failures="0" tests="1" name="SeleniumExamples.LoginTest" time="11.560" errors="0" timestamp="2022-08-22T12:05:04 IST" skipped="0">
  <testcase classname="SeleniumExamples.LoginTest" name="verifyLoginCredentials" time="11.560"/>
  <system-out/>
</testsuite> <!-- SeleniumExamples.LoginTest -->
