<?xml version="1.0" encoding="UTF-8"?>
<!-- Generated by org.testng.reporters.JUnitReportReporter -->
<testsuite hostname="VSP-3ZQD6Q3" failures="0" tests="1" name="SeleniumExamples.verifyGratuityCalculation" time="0.009" errors="0" timestamp="2022-08-23T10:44:30 IST" skipped="0">
  <testcase classname="SeleniumExamples.verifyGratuityCalculation" name="Test1" time="0.009"/>
  <system-out/>
</testsuite> <!-- SeleniumExamples.verifyGratuityCalculation -->
