<?xml version="1.0" encoding="UTF-8"?>
<!-- Generated by org.testng.reporters.JUnitReportReporter -->
<testsuite hostname="VSP-94QD6Q3" failures="0" tests="1" name="SeleniumEcamples.GratuityCalculator" time="9.753" errors="0" timestamp="2022-08-23T10:36:23 IST" skipped="0">
  <testcase classname="SeleniumEcamples.GratuityCalculator" name="Gratuitycalculator" time="9.753"/>
  <system-out/>
</testsuite> <!-- SeleniumEcamples.GratuityCalculator -->
