<?xml version="1.0" encoding="UTF-8"?>
<!-- Generated by org.testng.reporters.JUnitReportReporter -->
<testsuite hostname="VSP-94QD6Q3" failures="0" tests="2" name="SeleniumExamples.PracticeExamples" time="2.732" errors="0" timestamp="2022-08-23T15:45:17 IST" skipped="0">
  <testcase classname="SeleniumExamples.PracticeExamples" name="test2" time="0.934"/>
  <system-out/>
  <testcase classname="SeleniumExamples.PracticeExamples" name="test1" time="1.798"/>
  <system-out/>
</testsuite> <!-- SeleniumExamples.PracticeExamples -->
