<?xml version="1.0" encoding="UTF-8"?>
<!-- Generated by org.testng.reporters.JUnitReportReporter -->
<testsuite hostname="VSP-94QD6Q3" failures="0" tests="1" name="SeleniumExamples.Ex2" time="13.035" errors="0" timestamp="2022-08-25T11:32:20 IST" skipped="0">
  <testcase classname="SeleniumExamples.Ex2" name="browse" time="13.035"/>
  <system-out/>
</testsuite> <!-- SeleniumExamples.Ex2 -->
