<?xml version="1.0" encoding="UTF-8"?>
<!-- Generated by org.testng.reporters.JUnitReportReporter -->
<testsuite hostname="VSP-94QD6Q3" failures="0" tests="1" name="SBIServices.service" time="14.509" errors="0" timestamp="2022-08-26T17:49:29 IST" skipped="0">
  <testcase classname="SBIServices.service" name="fd" time="14.509"/>
  <system-out/>
</testsuite> <!-- SBIServices.service -->
