<?xml version="1.0" encoding="UTF-8"?>
<!-- Generated by org.testng.reporters.JUnitReportReporter -->
<testsuite hostname="VSP-94QD6Q3" failures="0" tests="1" name="SeleniumExamples.RediffMail" time="1.434" errors="0" timestamp="2022-08-24T15:43:54 IST" skipped="0">
  <testcase classname="SeleniumExamples.RediffMail" name="Account" time="1.434"/>
  <system-out/>
</testsuite> <!-- SeleniumExamples.RediffMail -->
