<?xml version="1.0" encoding="UTF-8"?>
<!-- Generated by org.testng.reporters.JUnitReportReporter -->
<testsuite hostname="VSP-94QD6Q3" failures="0" tests="1" name="ReddiffMail.NewTest" time="1.044" errors="0" timestamp="2022-09-01T16:25:09 IST" skipped="0">
  <testcase classname="ReddiffMail.NewTest" name="demoSQL" time="1.044"/>
  <system-out/>
</testsuite> <!-- ReddiffMail.NewTest -->
