<?xml version="1.0" encoding="UTF-8"?>
<!-- Generated by org.testng.reporters.JUnitReportReporter -->
<testsuite hostname="VSP-94QD6Q3" failures="0" tests="1" name="ReddiffMail.sql" time="0.964" errors="0" timestamp="2022-09-01T16:21:27 IST" skipped="0">
  <testcase classname="ReddiffMail.sql" name="SQL" time="0.964"/>
  <system-out/>
</testsuite> <!-- ReddiffMail.sql -->
