<?xml version="1.0" encoding="UTF-8"?>
<!-- Generated by org.testng.reporters.JUnitReportReporter -->
<testsuite hostname="VSP-94QD6Q3" failures="0" tests="1" name="ReddiffMail.Rediff" time="32.249" errors="0" timestamp="2022-09-01T11:21:58 IST" skipped="0">
  <testcase classname="ReddiffMail.Rediff" name="checkrediff" time="32.249"/>
  <system-out/>
</testsuite> <!-- ReddiffMail.Rediff -->
