<?xml version="1.0" encoding="UTF-8"?>
<!-- Generated by org.testng.reporters.JUnitReportReporter -->
<testsuite hostname="VSP-94QD6Q3" failures="0" tests="1" name="SeleniumExamples.AmazonTest" time="8.137" errors="0" timestamp="2022-08-25T15:57:40 IST" skipped="0">
  <testcase classname="SeleniumExamples.AmazonTest" name="am" time="8.137"/>
  <system-out/>
</testsuite> <!-- SeleniumExamples.AmazonTest -->
