<?xml version="1.0" encoding="UTF-8"?>
<!-- Generated by org.testng.reporters.JUnitReportReporter -->
<testsuite hostname="VSP-94QD6Q3" failures="0" tests="1" name="SeleniumExamples.practice2" time="2.452" errors="0" timestamp="2022-09-02T15:35:04 IST" skipped="0">
  <testcase classname="SeleniumExamples.practice2" name="test3" time="2.452"/>
  <system-out/>
</testsuite> <!-- SeleniumExamples.practice2 -->
