<?xml version="1.0" encoding="UTF-8"?>
<!-- Generated by org.testng.reporters.JUnitReportReporter -->
<testsuite hostname="VSP-94QD6Q3" failures="0" tests="1" name="SeleniumExamples.GratuityCalculator" time="17.948" errors="0" timestamp="2022-08-24T15:10:24 IST" skipped="0">
  <testcase classname="SeleniumExamples.GratuityCalculator" name="Gratuitycalculator" time="17.948"/>
  <system-out/>
</testsuite> <!-- SeleniumExamples.GratuityCalculator -->
