<?xml version="1.0" encoding="UTF-8"?>
<!-- Generated by org.testng.reporters.JUnitReportReporter -->
<testsuite hostname="VSP-94QD6Q3" failures="0" tests="1" name="SeleniumEcamples.LoginTest" time="9.798" errors="0" timestamp="2022-08-22T15:07:07 IST" skipped="0">
  <testcase classname="SeleniumEcamples.LoginTest" name="VerifyLoginCredentials" time="9.798"/>
  <system-out/>
</testsuite> <!-- SeleniumEcamples.LoginTest -->
