<?xml version="1.0" encoding="UTF-8"?>
<!-- Generated by org.testng.reporters.JUnitReportReporter -->
<testsuite hostname="VSP-94QD6Q3" failures="0" tests="2" name="TestNg1.baseTest" time="7.008" errors="0" timestamp="2023-06-16T00:15:18 IST" skipped="0">
  <testcase classname="TestNg1.baseTest" name="baseclose" time="0.244"/>
  <system-out/>
  <testcase classname="TestNg1.baseTest" name="base" time="6.764"/>
  <system-out/>
</testsuite> <!-- TestNg1.baseTest -->
