<?xml version="1.0" encoding="UTF-8"?>
<!-- Generated by org.testng.reporters.JUnitReportReporter -->
<testsuite hostname="VSP-94QD6Q3" failures="0" tests="1" name="TestNg1.test1" time="5.334" errors="0" timestamp="2023-06-16T00:37:21 IST" skipped="0">
  <testcase classname="TestNg1.test1" name="t2" time="5.334"/>
  <system-out/>
</testsuite> <!-- TestNg1.test1 -->
