<?xml version="1.0" encoding="UTF-8"?>
<!-- Generated by org.testng.reporters.JUnitReportReporter -->
<testsuite hostname="VSP-94QD6Q3" failures="0" tests="1" name="TestNg1.AppTest" time="9.423" errors="0" timestamp="2023-06-20T12:17:31 IST" skipped="0">
  <testcase classname="TestNg1.AppTest" name="tricentisTest" time="9.423"/>
  <system-out/>
</testsuite> <!-- TestNg1.AppTest -->
