<?xml version="1.0" encoding="UTF-8"?>
<!-- Generated by org.testng.reporters.JUnitReportReporter -->
<testsuite hostname="VSP-94QD6Q3" failures="0" tests="1" name="TestNg1.test2" time="6.787" errors="0" timestamp="2023-06-16T00:46:35 IST" skipped="0">
  <testcase classname="TestNg1.test2" name="t3" time="6.787"/>
  <system-out/>
</testsuite> <!-- TestNg1.test2 -->
